<?xml version="1.0" encoding="UTF-8"?>
<!-- Generated by org.testng.reporters.JUnitXMLReporter -->
<testsuite hostname="0000ANKITk2142D" ignored="0" name="Default test" tests="6" failures="0" timestamp="21 Dec 2018 10:37:30 GMT" time="19.822" errors="0">
  <testcase name="loginPageTitleTest" time="0.009" classname="com.payasia.leave.qa.testcases.PayAsiaLoginPageTest"/>
  <testcase name="PayaisaLogoImageTest" time="0.025" classname="com.payasia.leave.qa.testcases.PayAsiaLoginPageTest"/>
  <testcase name="loginTest" time="12.32" classname="com.payasia.leave.qa.testcases.PayAsiaLoginPageTest"/>
  <testcase name="verifyHomePageTitleTest" time="0.004" classname="com.payasia.leave.qa.testcases.PayAsiaLoginPageTest"/>
  <testcase name="verifyUserNameTest" time="0.025" classname="com.payasia.leave.qa.testcases.PayAsiaLoginPageTest"/>
  <testcase name="leaveMenuNavigation" time="0.275" classname="com.payasia.leave.qa.testcases.PayAsiaLoginPageTest"/>
</testsuite> <!-- Default test -->
